# Join with tiny build side - should use smallest possible buffers.
select straight_join *
from tpch_parquet.customer
    inner join tpch_parquet.nation on c_nationkey = n_nationkey
---- DISTRIBUTEDPLAN
Max Per-Host Resource Reservation: Memory=18.97MB Threads=5
Per-Host Resource Estimates: Memory=42.94MB

F02:PLAN FRAGMENT [UNPARTITIONED] hosts=1 instances=1
|  Per-Host Resources: mem-estimate=0B mem-reservation=0B thread-reservation=1
PLAN-ROOT SINK
|  mem-estimate=0B mem-reservation=0B thread-reservation=0
|
04:EXCHANGE [UNPARTITIONED]
|  mem-estimate=0B mem-reservation=0B thread-reservation=0
|  tuple-ids=0,1 row-size=355B cardinality=150000
|
F00:PLAN FRAGMENT [RANDOM] hosts=1 instances=1
Per-Host Resources: mem-estimate=26.94MB mem-reservation=18.94MB thread-reservation=2 runtime-filters-memory=1.00MB
02:HASH JOIN [INNER JOIN, BROADCAST]
|  hash predicates: c_nationkey = n_nationkey
|  fk/pk conjuncts: c_nationkey = n_nationkey
|  runtime filters: RF000[bloom] <- n_nationkey
|  mem-estimate=1.94MB mem-reservation=1.94MB spill-buffer=64.00KB thread-reservation=0
|  tuple-ids=0,1 row-size=355B cardinality=150000
|
|--03:EXCHANGE [BROADCAST]
|  |  mem-estimate=0B mem-reservation=0B thread-reservation=0
|  |  tuple-ids=1 row-size=117B cardinality=25
|  |
|  F01:PLAN FRAGMENT [RANDOM] hosts=1 instances=1
|  Per-Host Resources: mem-estimate=16.00MB mem-reservation=32.00KB thread-reservation=2
|  01:SCAN HDFS [tpch_parquet.nation, RANDOM]
|     partitions=1/1 files=1 size=2.75KB
|     stored statistics:
|       table: rows=25 size=2.75KB
|       columns: all
|     extrapolated-rows=disabled max-scan-range-rows=25
|     mem-estimate=16.00MB mem-reservation=32.00KB thread-reservation=1
|     tuple-ids=1 row-size=117B cardinality=25
|
00:SCAN HDFS [tpch_parquet.customer, RANDOM]
   partitions=1/1 files=1 size=12.31MB
   runtime filters: RF000[bloom] -> c_nationkey
   stored statistics:
     table: rows=150000 size=12.31MB
     columns: all
   extrapolated-rows=disabled max-scan-range-rows=150000
   mem-estimate=24.00MB mem-reservation=16.00MB thread-reservation=1
   tuple-ids=0 row-size=238B cardinality=150000
---- PARALLELPLANS
Max Per-Host Resource Reservation: Memory=37.94MB Threads=5
Per-Host Resource Estimates: Memory=85.88MB

F02:PLAN FRAGMENT [UNPARTITIONED] hosts=1 instances=1
|  Per-Host Resources: mem-estimate=0B mem-reservation=0B thread-reservation=1
PLAN-ROOT SINK
|  mem-estimate=0B mem-reservation=0B thread-reservation=0
|
04:EXCHANGE [UNPARTITIONED]
|  mem-estimate=0B mem-reservation=0B thread-reservation=0
|  tuple-ids=0,1 row-size=355B cardinality=150000
|
F00:PLAN FRAGMENT [RANDOM] hosts=1 instances=2
Per-Host Resources: mem-estimate=53.88MB mem-reservation=37.88MB thread-reservation=2 runtime-filters-memory=1.00MB
02:HASH JOIN [INNER JOIN, BROADCAST]
|  hash-table-id=00
|  hash predicates: c_nationkey = n_nationkey
|  fk/pk conjuncts: c_nationkey = n_nationkey
|  runtime filters: RF000[bloom] <- n_nationkey
|  mem-estimate=1.94MB mem-reservation=1.94MB spill-buffer=64.00KB thread-reservation=0
|  tuple-ids=0,1 row-size=355B cardinality=150000
|
|--F03:PLAN FRAGMENT [RANDOM] hosts=1 instances=2
|  |  Per-Host Resources: included in parent fragment
|  JOIN BUILD
|  |  join-table-id=00 plan-id=01 cohort-id=01
|  |  build expressions: n_nationkey
|  |  mem-estimate=0B mem-reservation=0B thread-reservation=0
|  |
|  03:EXCHANGE [BROADCAST]
|  |  mem-estimate=0B mem-reservation=0B thread-reservation=0
|  |  tuple-ids=1 row-size=117B cardinality=25
|  |
|  F01:PLAN FRAGMENT [RANDOM] hosts=1 instances=2
|  Per-Host Resources: mem-estimate=32.00MB mem-reservation=64.00KB thread-reservation=2
|  01:SCAN HDFS [tpch_parquet.nation, RANDOM]
|     partitions=1/1 files=1 size=2.75KB
|     stored statistics:
|       table: rows=25 size=2.75KB
|       columns: all
|     extrapolated-rows=disabled max-scan-range-rows=25
|     mem-estimate=16.00MB mem-reservation=32.00KB thread-reservation=0
|     tuple-ids=1 row-size=117B cardinality=25
|
00:SCAN HDFS [tpch_parquet.customer, RANDOM]
   partitions=1/1 files=1 size=12.31MB
   runtime filters: RF000[bloom] -> c_nationkey
   stored statistics:
     table: rows=150000 size=12.31MB
     columns: all
   extrapolated-rows=disabled max-scan-range-rows=150000
   mem-estimate=24.00MB mem-reservation=16.00MB thread-reservation=0
   tuple-ids=0 row-size=238B cardinality=150000
====
# Join with large build side - should use default-sized buffers.
select straight_join *
from tpch_parquet.lineitem
    left join tpch_parquet.orders on l_orderkey = o_orderkey
---- DISTRIBUTEDPLAN
Max Per-Host Resource Reservation: Memory=98.00MB Threads=5
Per-Host Resource Estimates: Memory=420.41MB

F02:PLAN FRAGMENT [UNPARTITIONED] hosts=1 instances=1
|  Per-Host Resources: mem-estimate=0B mem-reservation=0B thread-reservation=1
PLAN-ROOT SINK
|  mem-estimate=0B mem-reservation=0B thread-reservation=0
|
04:EXCHANGE [UNPARTITIONED]
|  mem-estimate=0B mem-reservation=0B thread-reservation=0
|  tuple-ids=0,1N row-size=454B cardinality=6001215
|
F00:PLAN FRAGMENT [RANDOM] hosts=3 instances=3
Per-Host Resources: mem-estimate=380.41MB mem-reservation=74.00MB thread-reservation=2
02:HASH JOIN [LEFT OUTER JOIN, BROADCAST]
|  hash predicates: l_orderkey = o_orderkey
|  fk/pk conjuncts: l_orderkey = o_orderkey
|  mem-estimate=300.41MB mem-reservation=34.00MB spill-buffer=2.00MB thread-reservation=0
|  tuple-ids=0,1N row-size=454B cardinality=6001215
|
|--03:EXCHANGE [BROADCAST]
|  |  mem-estimate=0B mem-reservation=0B thread-reservation=0
|  |  tuple-ids=1 row-size=191B cardinality=1500000
|  |
|  F01:PLAN FRAGMENT [RANDOM] hosts=2 instances=2
|  Per-Host Resources: mem-estimate=40.00MB mem-reservation=24.00MB thread-reservation=2
|  01:SCAN HDFS [tpch_parquet.orders, RANDOM]
|     partitions=1/1 files=2 size=54.07MB
|     stored statistics:
|       table: rows=1500000 size=54.07MB
|       columns: all
|     extrapolated-rows=disabled max-scan-range-rows=1177135
|     mem-estimate=40.00MB mem-reservation=24.00MB thread-reservation=1
|     tuple-ids=1 row-size=191B cardinality=1500000
|
00:SCAN HDFS [tpch_parquet.lineitem, RANDOM]
   partitions=1/1 files=3 size=193.71MB
   stored statistics:
     table: rows=6001215 size=193.71MB
     columns: all
   extrapolated-rows=disabled max-scan-range-rows=2141802
   mem-estimate=80.00MB mem-reservation=40.00MB thread-reservation=1
   tuple-ids=0 row-size=263B cardinality=6001215
---- PARALLELPLANS
Max Per-Host Resource Reservation: Memory=196.00MB Threads=5
Per-Host Resource Estimates: Memory=840.83MB

F02:PLAN FRAGMENT [UNPARTITIONED] hosts=1 instances=1
|  Per-Host Resources: mem-estimate=0B mem-reservation=0B thread-reservation=1
PLAN-ROOT SINK
|  mem-estimate=0B mem-reservation=0B thread-reservation=0
|
04:EXCHANGE [UNPARTITIONED]
|  mem-estimate=0B mem-reservation=0B thread-reservation=0
|  tuple-ids=0,1N row-size=454B cardinality=6001215
|
F00:PLAN FRAGMENT [RANDOM] hosts=3 instances=6
Per-Host Resources: mem-estimate=760.83MB mem-reservation=148.00MB thread-reservation=2
02:HASH JOIN [LEFT OUTER JOIN, BROADCAST]
|  hash-table-id=00
|  hash predicates: l_orderkey = o_orderkey
|  fk/pk conjuncts: l_orderkey = o_orderkey
|  mem-estimate=300.41MB mem-reservation=34.00MB spill-buffer=2.00MB thread-reservation=0
|  tuple-ids=0,1N row-size=454B cardinality=6001215
|
|--F03:PLAN FRAGMENT [RANDOM] hosts=2 instances=4
|  |  Per-Host Resources: included in parent fragment
|  JOIN BUILD
|  |  join-table-id=00 plan-id=01 cohort-id=01
|  |  build expressions: o_orderkey
|  |  mem-estimate=0B mem-reservation=0B thread-reservation=0
|  |
|  03:EXCHANGE [BROADCAST]
|  |  mem-estimate=0B mem-reservation=0B thread-reservation=0
|  |  tuple-ids=1 row-size=191B cardinality=1500000
|  |
|  F01:PLAN FRAGMENT [RANDOM] hosts=2 instances=4
|  Per-Host Resources: mem-estimate=80.00MB mem-reservation=48.00MB thread-reservation=2
|  01:SCAN HDFS [tpch_parquet.orders, RANDOM]
|     partitions=1/1 files=2 size=54.07MB
|     stored statistics:
|       table: rows=1500000 size=54.07MB
|       columns: all
|     extrapolated-rows=disabled max-scan-range-rows=1177135
|     mem-estimate=40.00MB mem-reservation=24.00MB thread-reservation=0
|     tuple-ids=1 row-size=191B cardinality=1500000
|
00:SCAN HDFS [tpch_parquet.lineitem, RANDOM]
   partitions=1/1 files=3 size=193.71MB
   stored statistics:
     table: rows=6001215 size=193.71MB
     columns: all
   extrapolated-rows=disabled max-scan-range-rows=2141802
   mem-estimate=80.00MB mem-reservation=40.00MB thread-reservation=0
   tuple-ids=0 row-size=263B cardinality=6001215
====
# Shuffle join with mid-sized input.
select straight_join *
from tpch_parquet.orders
    join /*+shuffle*/ tpch_parquet.customer on o_custkey = c_custkey
---- DISTRIBUTEDPLAN
Max Per-Host Resource Reservation: Memory=76.00MB Threads=6
Per-Host Resource Estimates: Memory=100.00MB

F03:PLAN FRAGMENT [UNPARTITIONED] hosts=1 instances=1
|  Per-Host Resources: mem-estimate=0B mem-reservation=0B thread-reservation=1
PLAN-ROOT SINK
|  mem-estimate=0B mem-reservation=0B thread-reservation=0
|
05:EXCHANGE [UNPARTITIONED]
|  mem-estimate=0B mem-reservation=0B thread-reservation=0
|  tuple-ids=0,1 row-size=428B cardinality=1500000
|
F02:PLAN FRAGMENT [HASH(o_custkey)] hosts=2 instances=2
Per-Host Resources: mem-estimate=35.00MB mem-reservation=35.00MB thread-reservation=1 runtime-filters-memory=1.00MB
02:HASH JOIN [INNER JOIN, PARTITIONED]
|  hash predicates: o_custkey = c_custkey
|  fk/pk conjuncts: o_custkey = c_custkey
|  runtime filters: RF000[bloom] <- c_custkey
|  mem-estimate=34.00MB mem-reservation=34.00MB spill-buffer=2.00MB thread-reservation=0
|  tuple-ids=0,1 row-size=428B cardinality=1500000
|
|--04:EXCHANGE [HASH(c_custkey)]
|  |  mem-estimate=0B mem-reservation=0B thread-reservation=0
|  |  tuple-ids=1 row-size=238B cardinality=150000
|  |
|  F01:PLAN FRAGMENT [RANDOM] hosts=1 instances=1
|  Per-Host Resources: mem-estimate=24.00MB mem-reservation=16.00MB thread-reservation=2
|  01:SCAN HDFS [tpch_parquet.customer, RANDOM]
|     partitions=1/1 files=1 size=12.31MB
|     stored statistics:
|       table: rows=150000 size=12.31MB
|       columns: all
|     extrapolated-rows=disabled max-scan-range-rows=150000
|     mem-estimate=24.00MB mem-reservation=16.00MB thread-reservation=1
|     tuple-ids=1 row-size=238B cardinality=150000
|
03:EXCHANGE [HASH(o_custkey)]
|  mem-estimate=0B mem-reservation=0B thread-reservation=0
|  tuple-ids=0 row-size=191B cardinality=1500000
|
F00:PLAN FRAGMENT [RANDOM] hosts=2 instances=2
Per-Host Resources: mem-estimate=41.00MB mem-reservation=25.00MB thread-reservation=2 runtime-filters-memory=1.00MB
00:SCAN HDFS [tpch_parquet.orders, RANDOM]
   partitions=1/1 files=2 size=54.07MB
   runtime filters: RF000[bloom] -> o_custkey
   stored statistics:
     table: rows=1500000 size=54.07MB
     columns: all
   extrapolated-rows=disabled max-scan-range-rows=1177135
   mem-estimate=40.00MB mem-reservation=24.00MB thread-reservation=1
   tuple-ids=0 row-size=191B cardinality=1500000
---- PARALLELPLANS
Max Per-Host Resource Reservation: Memory=118.00MB Threads=7
Per-Host Resource Estimates: Memory=166.00MB

F03:PLAN FRAGMENT [UNPARTITIONED] hosts=1 instances=1
|  Per-Host Resources: mem-estimate=0B mem-reservation=0B thread-reservation=1
PLAN-ROOT SINK
|  mem-estimate=0B mem-reservation=0B thread-reservation=0
|
05:EXCHANGE [UNPARTITIONED]
|  mem-estimate=0B mem-reservation=0B thread-reservation=0
|  tuple-ids=0,1 row-size=428B cardinality=1500000
|
F02:PLAN FRAGMENT [HASH(o_custkey)] hosts=2 instances=4
Per-Host Resources: mem-estimate=36.00MB mem-reservation=36.00MB thread-reservation=2 runtime-filters-memory=1.00MB
02:HASH JOIN [INNER JOIN, PARTITIONED]
|  hash-table-id=00
|  hash predicates: o_custkey = c_custkey
|  fk/pk conjuncts: o_custkey = c_custkey
|  runtime filters: RF000[bloom] <- c_custkey
|  mem-estimate=17.00MB mem-reservation=17.00MB spill-buffer=1.00MB thread-reservation=0
|  tuple-ids=0,1 row-size=428B cardinality=1500000
|
|--F04:PLAN FRAGMENT [HASH(o_custkey)] hosts=1 instances=2
|  |  Per-Host Resources: included in parent fragment
|  JOIN BUILD
|  |  join-table-id=00 plan-id=01 cohort-id=01
|  |  build expressions: c_custkey
|  |  mem-estimate=0B mem-reservation=0B thread-reservation=0
|  |
|  04:EXCHANGE [HASH(c_custkey)]
|  |  mem-estimate=0B mem-reservation=0B thread-reservation=0
|  |  tuple-ids=1 row-size=238B cardinality=150000
|  |
|  F01:PLAN FRAGMENT [RANDOM] hosts=1 instances=2
|  Per-Host Resources: mem-estimate=48.00MB mem-reservation=32.00MB thread-reservation=2
|  01:SCAN HDFS [tpch_parquet.customer, RANDOM]
|     partitions=1/1 files=1 size=12.31MB
|     stored statistics:
|       table: rows=150000 size=12.31MB
|       columns: all
|     extrapolated-rows=disabled max-scan-range-rows=150000
|     mem-estimate=24.00MB mem-reservation=16.00MB thread-reservation=0
|     tuple-ids=1 row-size=238B cardinality=150000
|
03:EXCHANGE [HASH(o_custkey)]
|  mem-estimate=0B mem-reservation=0B thread-reservation=0
|  tuple-ids=0 row-size=191B cardinality=1500000
|
F00:PLAN FRAGMENT [RANDOM] hosts=2 instances=4
Per-Host Resources: mem-estimate=82.00MB mem-reservation=50.00MB thread-reservation=2 runtime-filters-memory=1.00MB
00:SCAN HDFS [tpch_parquet.orders, RANDOM]
   partitions=1/1 files=2 size=54.07MB
   runtime filters: RF000[bloom] -> o_custkey
   stored statistics:
     table: rows=1500000 size=54.07MB
     columns: all
   extrapolated-rows=disabled max-scan-range-rows=1177135
   mem-estimate=40.00MB mem-reservation=24.00MB thread-reservation=0
   tuple-ids=0 row-size=191B cardinality=1500000
====
# Broadcast join with mid-sized input - should use larger buffers than shuffle join.
select straight_join *
from tpch_parquet.orders
    join /*+broadcast*/ tpch_parquet.customer on o_custkey = c_custkey
---- DISTRIBUTEDPLAN
Max Per-Host Resource Reservation: Memory=75.00MB Threads=5
Per-Host Resource Estimates: Memory=102.38MB

F02:PLAN FRAGMENT [UNPARTITIONED] hosts=1 instances=1
|  Per-Host Resources: mem-estimate=0B mem-reservation=0B thread-reservation=1
PLAN-ROOT SINK
|  mem-estimate=0B mem-reservation=0B thread-reservation=0
|
04:EXCHANGE [UNPARTITIONED]
|  mem-estimate=0B mem-reservation=0B thread-reservation=0
|  tuple-ids=0,1 row-size=428B cardinality=1500000
|
F00:PLAN FRAGMENT [RANDOM] hosts=2 instances=2
Per-Host Resources: mem-estimate=78.38MB mem-reservation=59.00MB thread-reservation=2 runtime-filters-memory=1.00MB
02:HASH JOIN [INNER JOIN, BROADCAST]
|  hash predicates: o_custkey = c_custkey
|  fk/pk conjuncts: o_custkey = c_custkey
|  runtime filters: RF000[bloom] <- c_custkey
|  mem-estimate=37.38MB mem-reservation=34.00MB spill-buffer=2.00MB thread-reservation=0
|  tuple-ids=0,1 row-size=428B cardinality=1500000
|
|--03:EXCHANGE [BROADCAST]
|  |  mem-estimate=0B mem-reservation=0B thread-reservation=0
|  |  tuple-ids=1 row-size=238B cardinality=150000
|  |
|  F01:PLAN FRAGMENT [RANDOM] hosts=1 instances=1
|  Per-Host Resources: mem-estimate=24.00MB mem-reservation=16.00MB thread-reservation=2
|  01:SCAN HDFS [tpch_parquet.customer, RANDOM]
|     partitions=1/1 files=1 size=12.31MB
|     stored statistics:
|       table: rows=150000 size=12.31MB
|       columns: all
|     extrapolated-rows=disabled max-scan-range-rows=150000
|     mem-estimate=24.00MB mem-reservation=16.00MB thread-reservation=1
|     tuple-ids=1 row-size=238B cardinality=150000
|
00:SCAN HDFS [tpch_parquet.orders, RANDOM]
   partitions=1/1 files=2 size=54.07MB
   runtime filters: RF000[bloom] -> o_custkey
   stored statistics:
     table: rows=1500000 size=54.07MB
     columns: all
   extrapolated-rows=disabled max-scan-range-rows=1177135
   mem-estimate=40.00MB mem-reservation=24.00MB thread-reservation=1
   tuple-ids=0 row-size=191B cardinality=1500000
---- PARALLELPLANS
Max Per-Host Resource Reservation: Memory=150.00MB Threads=5
Per-Host Resource Estimates: Memory=204.76MB

F02:PLAN FRAGMENT [UNPARTITIONED] hosts=1 instances=1
|  Per-Host Resources: mem-estimate=0B mem-reservation=0B thread-reservation=1
PLAN-ROOT SINK
|  mem-estimate=0B mem-reservation=0B thread-reservation=0
|
04:EXCHANGE [UNPARTITIONED]
|  mem-estimate=0B mem-reservation=0B thread-reservation=0
|  tuple-ids=0,1 row-size=428B cardinality=1500000
|
F00:PLAN FRAGMENT [RANDOM] hosts=2 instances=4
Per-Host Resources: mem-estimate=156.76MB mem-reservation=118.00MB thread-reservation=2 runtime-filters-memory=1.00MB
02:HASH JOIN [INNER JOIN, BROADCAST]
|  hash-table-id=00
|  hash predicates: o_custkey = c_custkey
|  fk/pk conjuncts: o_custkey = c_custkey
|  runtime filters: RF000[bloom] <- c_custkey
|  mem-estimate=37.38MB mem-reservation=34.00MB spill-buffer=2.00MB thread-reservation=0
|  tuple-ids=0,1 row-size=428B cardinality=1500000
|
|--F03:PLAN FRAGMENT [RANDOM] hosts=1 instances=2
|  |  Per-Host Resources: included in parent fragment
|  JOIN BUILD
|  |  join-table-id=00 plan-id=01 cohort-id=01
|  |  build expressions: c_custkey
|  |  mem-estimate=0B mem-reservation=0B thread-reservation=0
|  |
|  03:EXCHANGE [BROADCAST]
|  |  mem-estimate=0B mem-reservation=0B thread-reservation=0
|  |  tuple-ids=1 row-size=238B cardinality=150000
|  |
|  F01:PLAN FRAGMENT [RANDOM] hosts=1 instances=2
|  Per-Host Resources: mem-estimate=48.00MB mem-reservation=32.00MB thread-reservation=2
|  01:SCAN HDFS [tpch_parquet.customer, RANDOM]
|     partitions=1/1 files=1 size=12.31MB
|     stored statistics:
|       table: rows=150000 size=12.31MB
|       columns: all
|     extrapolated-rows=disabled max-scan-range-rows=150000
|     mem-estimate=24.00MB mem-reservation=16.00MB thread-reservation=0
|     tuple-ids=1 row-size=238B cardinality=150000
|
00:SCAN HDFS [tpch_parquet.orders, RANDOM]
   partitions=1/1 files=2 size=54.07MB
   runtime filters: RF000[bloom] -> o_custkey
   stored statistics:
     table: rows=1500000 size=54.07MB
     columns: all
   extrapolated-rows=disabled max-scan-range-rows=1177135
   mem-estimate=40.00MB mem-reservation=24.00MB thread-reservation=0
   tuple-ids=0 row-size=191B cardinality=1500000
====
# Join with no stats for right input - should use default buffers.
select straight_join *
from functional_parquet.alltypes
    left join functional_parquet.alltypestiny on alltypes.id = alltypestiny.id
---- DISTRIBUTEDPLAN
Max Per-Host Resource Reservation: Memory=34.17MB Threads=5
Per-Host Resource Estimates: Memory=2.03GB
WARNING: The following tables are missing relevant table and/or column statistics.
functional_parquet.alltypes, functional_parquet.alltypestiny

F02:PLAN FRAGMENT [UNPARTITIONED] hosts=1 instances=1
|  Per-Host Resources: mem-estimate=0B mem-reservation=0B thread-reservation=1
PLAN-ROOT SINK
|  mem-estimate=0B mem-reservation=0B thread-reservation=0
|
04:EXCHANGE [UNPARTITIONED]
|  mem-estimate=0B mem-reservation=0B thread-reservation=0
|  tuple-ids=0,1N row-size=176B cardinality=unavailable
|
F00:PLAN FRAGMENT [RANDOM] hosts=3 instances=3
Per-Host Resources: mem-estimate=2.02GB mem-reservation=34.09MB thread-reservation=2
02:HASH JOIN [LEFT OUTER JOIN, BROADCAST]
|  hash predicates: alltypes.id = alltypestiny.id
|  fk/pk conjuncts: assumed fk/pk
|  mem-estimate=2.00GB mem-reservation=34.00MB spill-buffer=2.00MB thread-reservation=0
|  tuple-ids=0,1N row-size=176B cardinality=unavailable
|
|--03:EXCHANGE [BROADCAST]
|  |  mem-estimate=0B mem-reservation=0B thread-reservation=0
|  |  tuple-ids=1 row-size=88B cardinality=unavailable
|  |
|  F01:PLAN FRAGMENT [RANDOM] hosts=3 instances=3
|  Per-Host Resources: mem-estimate=16.00MB mem-reservation=88.00KB thread-reservation=2
|  01:SCAN HDFS [functional_parquet.alltypestiny, RANDOM]
|     partitions=4/4 files=4 size=9.79KB
|     stored statistics:
|       table: rows=unavailable size=unavailable
|       partitions: 0/4 rows=unavailable
|       columns: unavailable
|     extrapolated-rows=disabled max-scan-range-rows=unavailable
|     mem-estimate=16.00MB mem-reservation=88.00KB thread-reservation=1
|     tuple-ids=1 row-size=88B cardinality=unavailable
|
00:SCAN HDFS [functional_parquet.alltypes, RANDOM]
   partitions=24/24 files=24 size=188.29KB
   stored statistics:
     table: rows=unavailable size=unavailable
     partitions: 0/24 rows=unavailable
     columns missing stats: id, bool_col, tinyint_col, smallint_col, int_col, bigint_col, float_col, double_col, date_string_col, string_col, timestamp_col
   extrapolated-rows=disabled max-scan-range-rows=unavailable
   mem-estimate=16.00MB mem-reservation=88.00KB thread-reservation=1
   tuple-ids=0 row-size=88B cardinality=unavailable
---- PARALLELPLANS
Max Per-Host Resource Reservation: Memory=68.34MB Threads=5
Per-Host Resource Estimates: Memory=4.06GB
WARNING: The following tables are missing relevant table and/or column statistics.
functional_parquet.alltypestiny

F02:PLAN FRAGMENT [UNPARTITIONED] hosts=1 instances=1
|  Per-Host Resources: mem-estimate=0B mem-reservation=0B thread-reservation=1
PLAN-ROOT SINK
|  mem-estimate=0B mem-reservation=0B thread-reservation=0
|
04:EXCHANGE [UNPARTITIONED]
|  mem-estimate=0B mem-reservation=0B thread-reservation=0
|  tuple-ids=0,1N row-size=176B cardinality=unavailable
|
F00:PLAN FRAGMENT [RANDOM] hosts=3 instances=6
Per-Host Resources: mem-estimate=4.03GB mem-reservation=68.17MB thread-reservation=2
02:HASH JOIN [LEFT OUTER JOIN, BROADCAST]
|  hash-table-id=00
|  hash predicates: alltypes.id = alltypestiny.id
|  fk/pk conjuncts: assumed fk/pk
|  mem-estimate=2.00GB mem-reservation=34.00MB spill-buffer=2.00MB thread-reservation=0
|  tuple-ids=0,1N row-size=176B cardinality=unavailable
|
|--F03:PLAN FRAGMENT [RANDOM] hosts=3 instances=6
|  |  Per-Host Resources: included in parent fragment
|  JOIN BUILD
|  |  join-table-id=00 plan-id=01 cohort-id=01
|  |  build expressions: alltypestiny.id
|  |  mem-estimate=0B mem-reservation=0B thread-reservation=0
|  |
|  03:EXCHANGE [BROADCAST]
|  |  mem-estimate=0B mem-reservation=0B thread-reservation=0
|  |  tuple-ids=1 row-size=88B cardinality=unavailable
|  |
|  F01:PLAN FRAGMENT [RANDOM] hosts=3 instances=6
|  Per-Host Resources: mem-estimate=32.00MB mem-reservation=176.00KB thread-reservation=2
|  01:SCAN HDFS [functional_parquet.alltypestiny, RANDOM]
|     partitions=4/4 files=4 size=9.79KB
|     stored statistics:
|       table: rows=unavailable size=unavailable
|       partitions: 0/4 rows=unavailable
|       columns: unavailable
|     extrapolated-rows=disabled max-scan-range-rows=unavailable
|     mem-estimate=16.00MB mem-reservation=88.00KB thread-reservation=0
|     tuple-ids=1 row-size=88B cardinality=unavailable
|
00:SCAN HDFS [functional_parquet.alltypes, RANDOM]
   partitions=24/24 files=24 size=188.29KB
   stored statistics:
     table: rows=unavailable size=unavailable
     partitions: 0/24 rows=unavailable
     columns missing stats: id, bool_col, tinyint_col, smallint_col, int_col, bigint_col, float_col, double_col, date_string_col, string_col, timestamp_col
   extrapolated-rows=disabled max-scan-range-rows=unavailable
   mem-estimate=16.00MB mem-reservation=88.00KB thread-reservation=0
   tuple-ids=0 row-size=88B cardinality=unavailable
====
# Low NDV aggregation - should scale down buffers to minimum.
select c_nationkey, avg(c_acctbal)
from tpch_parquet.customer
group by c_nationkey
---- DISTRIBUTEDPLAN
Max Per-Host Resource Reservation: Memory=5.94MB Threads=4
Per-Host Resource Estimates: Memory=44.00MB

F02:PLAN FRAGMENT [UNPARTITIONED] hosts=1 instances=1
|  Per-Host Resources: mem-estimate=0B mem-reservation=0B thread-reservation=1
PLAN-ROOT SINK
|  mem-estimate=0B mem-reservation=0B thread-reservation=0
|
04:EXCHANGE [UNPARTITIONED]
|  mem-estimate=0B mem-reservation=0B thread-reservation=0
|  tuple-ids=2 row-size=10B cardinality=25
|
F01:PLAN FRAGMENT [HASH(c_nationkey)] hosts=1 instances=1
Per-Host Resources: mem-estimate=10.00MB mem-reservation=1.94MB thread-reservation=1
03:AGGREGATE [FINALIZE]
|  output: avg:merge(c_acctbal)
|  group by: c_nationkey
|  mem-estimate=10.00MB mem-reservation=1.94MB spill-buffer=64.00KB thread-reservation=0
|  tuple-ids=2 row-size=10B cardinality=25
|
02:EXCHANGE [HASH(c_nationkey)]
|  mem-estimate=0B mem-reservation=0B thread-reservation=0
|  tuple-ids=1 row-size=10B cardinality=25
|
F00:PLAN FRAGMENT [RANDOM] hosts=1 instances=1
Per-Host Resources: mem-estimate=34.00MB mem-reservation=4.00MB thread-reservation=2
01:AGGREGATE [STREAMING]
|  output: avg(c_acctbal)
|  group by: c_nationkey
|  mem-estimate=10.00MB mem-reservation=2.00MB spill-buffer=64.00KB thread-reservation=0
|  tuple-ids=1 row-size=10B cardinality=25
|
00:SCAN HDFS [tpch_parquet.customer, RANDOM]
   partitions=1/1 files=1 size=12.31MB
   stored statistics:
     table: rows=150000 size=12.31MB
     columns: all
   extrapolated-rows=disabled max-scan-range-rows=150000
   mem-estimate=24.00MB mem-reservation=2.00MB thread-reservation=1
   tuple-ids=0 row-size=10B cardinality=150000
---- PARALLELPLANS
Max Per-Host Resource Reservation: Memory=11.88MB Threads=5
Per-Host Resource Estimates: Memory=88.00MB

F02:PLAN FRAGMENT [UNPARTITIONED] hosts=1 instances=1
|  Per-Host Resources: mem-estimate=0B mem-reservation=0B thread-reservation=1
PLAN-ROOT SINK
|  mem-estimate=0B mem-reservation=0B thread-reservation=0
|
04:EXCHANGE [UNPARTITIONED]
|  mem-estimate=0B mem-reservation=0B thread-reservation=0
|  tuple-ids=2 row-size=10B cardinality=25
|
F01:PLAN FRAGMENT [HASH(c_nationkey)] hosts=1 instances=2
Per-Host Resources: mem-estimate=20.00MB mem-reservation=3.88MB thread-reservation=2
03:AGGREGATE [FINALIZE]
|  output: avg:merge(c_acctbal)
|  group by: c_nationkey
|  mem-estimate=10.00MB mem-reservation=1.94MB spill-buffer=64.00KB thread-reservation=0
|  tuple-ids=2 row-size=10B cardinality=25
|
02:EXCHANGE [HASH(c_nationkey)]
|  mem-estimate=0B mem-reservation=0B thread-reservation=0
|  tuple-ids=1 row-size=10B cardinality=25
|
F00:PLAN FRAGMENT [RANDOM] hosts=1 instances=2
Per-Host Resources: mem-estimate=68.00MB mem-reservation=8.00MB thread-reservation=2
01:AGGREGATE [STREAMING]
|  output: avg(c_acctbal)
|  group by: c_nationkey
|  mem-estimate=10.00MB mem-reservation=2.00MB spill-buffer=64.00KB thread-reservation=0
|  tuple-ids=1 row-size=10B cardinality=25
|
00:SCAN HDFS [tpch_parquet.customer, RANDOM]
   partitions=1/1 files=1 size=12.31MB
   stored statistics:
     table: rows=150000 size=12.31MB
     columns: all
   extrapolated-rows=disabled max-scan-range-rows=150000
   mem-estimate=24.00MB mem-reservation=2.00MB thread-reservation=0
   tuple-ids=0 row-size=10B cardinality=150000
====
# Mid NDV aggregation - should scale down buffers to intermediate size.
select straight_join l_orderkey, o_orderstatus, count(*)
from tpch_parquet.lineitem
    join tpch_parquet.orders on o_orderkey = l_orderkey
group by 1, 2
having count(*) = 1
---- DISTRIBUTEDPLAN
Max Per-Host Resource Reservation: Memory=105.00MB Threads=7
Per-Host Resource Estimates: Memory=233.12MB

F04:PLAN FRAGMENT [UNPARTITIONED] hosts=1 instances=1
|  Per-Host Resources: mem-estimate=0B mem-reservation=0B thread-reservation=1
PLAN-ROOT SINK
|  mem-estimate=0B mem-reservation=0B thread-reservation=0
|
08:EXCHANGE [UNPARTITIONED]
|  mem-estimate=0B mem-reservation=0B thread-reservation=0
|  tuple-ids=2 row-size=33B cardinality=4690314
|
F03:PLAN FRAGMENT [HASH(l_orderkey,o_orderstatus)] hosts=3 instances=3
Per-Host Resources: mem-estimate=34.00MB mem-reservation=34.00MB thread-reservation=1
07:AGGREGATE [FINALIZE]
|  output: count:merge(*)
|  group by: l_orderkey, o_orderstatus
|  having: count(*) = 1
|  mem-estimate=34.00MB mem-reservation=34.00MB spill-buffer=2.00MB thread-reservation=0
|  tuple-ids=2 row-size=33B cardinality=4690314
|
06:EXCHANGE [HASH(l_orderkey,o_orderstatus)]
|  mem-estimate=0B mem-reservation=0B thread-reservation=0
|  tuple-ids=2 row-size=33B cardinality=4690314
|
F02:PLAN FRAGMENT [HASH(l_orderkey)] hosts=3 instances=3
Per-Host Resources: mem-estimate=75.12MB mem-reservation=55.00MB thread-reservation=1 runtime-filters-memory=4.00MB
03:AGGREGATE [STREAMING]
|  output: count(*)
|  group by: l_orderkey, o_orderstatus
|  mem-estimate=54.12MB mem-reservation=34.00MB spill-buffer=2.00MB thread-reservation=0
|  tuple-ids=2 row-size=33B cardinality=4690314
|
02:HASH JOIN [INNER JOIN, PARTITIONED]
|  hash predicates: l_orderkey = o_orderkey
|  fk/pk conjuncts: l_orderkey = o_orderkey
|  runtime filters: RF000[bloom] <- o_orderkey
|  mem-estimate=17.00MB mem-reservation=17.00MB spill-buffer=1.00MB thread-reservation=0
|  tuple-ids=0,1 row-size=33B cardinality=5757710
|
|--05:EXCHANGE [HASH(o_orderkey)]
|  |  mem-estimate=0B mem-reservation=0B thread-reservation=0
|  |  tuple-ids=1 row-size=25B cardinality=1500000
|  |
|  F01:PLAN FRAGMENT [RANDOM] hosts=2 instances=2
|  Per-Host Resources: mem-estimate=40.00MB mem-reservation=8.00MB thread-reservation=2
|  01:SCAN HDFS [tpch_parquet.orders, RANDOM]
|     partitions=1/1 files=2 size=54.07MB
|     stored statistics:
|       table: rows=1500000 size=54.07MB
|       columns: all
|     extrapolated-rows=disabled max-scan-range-rows=1177135
|     mem-estimate=40.00MB mem-reservation=8.00MB thread-reservation=1
|     tuple-ids=1 row-size=25B cardinality=1500000
|
04:EXCHANGE [HASH(l_orderkey)]
|  mem-estimate=0B mem-reservation=0B thread-reservation=0
|  tuple-ids=0 row-size=8B cardinality=6001215
|
F00:PLAN FRAGMENT [RANDOM] hosts=3 instances=3
Per-Host Resources: mem-estimate=84.00MB mem-reservation=8.00MB thread-reservation=2 runtime-filters-memory=4.00MB
00:SCAN HDFS [tpch_parquet.lineitem, RANDOM]
   partitions=1/1 files=3 size=193.71MB
   runtime filters: RF000[bloom] -> l_orderkey
   stored statistics:
     table: rows=6001215 size=193.71MB
     columns: all
   extrapolated-rows=disabled max-scan-range-rows=2141802
   mem-estimate=80.00MB mem-reservation=4.00MB thread-reservation=1
   tuple-ids=0 row-size=8B cardinality=6001215
---- PARALLELPLANS
Max Per-Host Resource Reservation: Memory=159.00MB Threads=9
Per-Host Resource Estimates: Memory=375.00MB

F04:PLAN FRAGMENT [UNPARTITIONED] hosts=1 instances=1
|  Per-Host Resources: mem-estimate=0B mem-reservation=0B thread-reservation=1
PLAN-ROOT SINK
|  mem-estimate=0B mem-reservation=0B thread-reservation=0
|
08:EXCHANGE [UNPARTITIONED]
|  mem-estimate=0B mem-reservation=0B thread-reservation=0
|  tuple-ids=2 row-size=33B cardinality=4690314
|
F03:PLAN FRAGMENT [HASH(l_orderkey,o_orderstatus)] hosts=3 instances=6
Per-Host Resources: mem-estimate=34.00MB mem-reservation=34.00MB thread-reservation=2
07:AGGREGATE [FINALIZE]
|  output: count:merge(*)
|  group by: l_orderkey, o_orderstatus
|  having: count(*) = 1
|  mem-estimate=17.00MB mem-reservation=17.00MB spill-buffer=1.00MB thread-reservation=0
|  tuple-ids=2 row-size=33B cardinality=4690314
|
06:EXCHANGE [HASH(l_orderkey,o_orderstatus)]
|  mem-estimate=0B mem-reservation=0B thread-reservation=0
|  tuple-ids=2 row-size=33B cardinality=4690314
|
F02:PLAN FRAGMENT [HASH(l_orderkey)] hosts=3 instances=6
Per-Host Resources: mem-estimate=93.00MB mem-reservation=93.00MB thread-reservation=2 runtime-filters-memory=4.00MB
03:AGGREGATE [STREAMING]
|  output: count(*)
|  group by: l_orderkey, o_orderstatus
|  mem-estimate=34.00MB mem-reservation=34.00MB spill-buffer=2.00MB thread-reservation=0
|  tuple-ids=2 row-size=33B cardinality=4690314
|
02:HASH JOIN [INNER JOIN, PARTITIONED]
|  hash-table-id=00
|  hash predicates: l_orderkey = o_orderkey
|  fk/pk conjuncts: l_orderkey = o_orderkey
|  runtime filters: RF000[bloom] <- o_orderkey
|  mem-estimate=8.50MB mem-reservation=8.50MB spill-buffer=512.00KB thread-reservation=0
|  tuple-ids=0,1 row-size=33B cardinality=5757710
|
|--F05:PLAN FRAGMENT [HASH(l_orderkey)] hosts=2 instances=4
|  |  Per-Host Resources: included in parent fragment
|  JOIN BUILD
|  |  join-table-id=00 plan-id=01 cohort-id=01
|  |  build expressions: o_orderkey
|  |  mem-estimate=0B mem-reservation=0B thread-reservation=0
|  |
|  05:EXCHANGE [HASH(o_orderkey)]
|  |  mem-estimate=0B mem-reservation=0B thread-reservation=0
|  |  tuple-ids=1 row-size=25B cardinality=1500000
|  |
|  F01:PLAN FRAGMENT [RANDOM] hosts=2 instances=4
|  Per-Host Resources: mem-estimate=80.00MB mem-reservation=16.00MB thread-reservation=2
|  01:SCAN HDFS [tpch_parquet.orders, RANDOM]
|     partitions=1/1 files=2 size=54.07MB
|     stored statistics:
|       table: rows=1500000 size=54.07MB
|       columns: all
|     extrapolated-rows=disabled max-scan-range-rows=1177135
|     mem-estimate=40.00MB mem-reservation=8.00MB thread-reservation=0
|     tuple-ids=1 row-size=25B cardinality=1500000
|
04:EXCHANGE [HASH(l_orderkey)]
|  mem-estimate=0B mem-reservation=0B thread-reservation=0
|  tuple-ids=0 row-size=8B cardinality=6001215
|
F00:PLAN FRAGMENT [RANDOM] hosts=3 instances=6
Per-Host Resources: mem-estimate=168.00MB mem-reservation=16.00MB thread-reservation=2 runtime-filters-memory=4.00MB
00:SCAN HDFS [tpch_parquet.lineitem, RANDOM]
   partitions=1/1 files=3 size=193.71MB
   runtime filters: RF000[bloom] -> l_orderkey
   stored statistics:
     table: rows=6001215 size=193.71MB
     columns: all
   extrapolated-rows=disabled max-scan-range-rows=2141802
   mem-estimate=80.00MB mem-reservation=4.00MB thread-reservation=0
   tuple-ids=0 row-size=8B cardinality=6001215
====
# High NDV aggregation - should use default buffer size.
select distinct *
from tpch_parquet.lineitem
---- DISTRIBUTEDPLAN
Max Per-Host Resource Reservation: Memory=108.00MB Threads=4
Per-Host Resource Estimates: Memory=3.31GB

F02:PLAN FRAGMENT [UNPARTITIONED] hosts=1 instances=1
|  Per-Host Resources: mem-estimate=0B mem-reservation=0B thread-reservation=1
PLAN-ROOT SINK
|  mem-estimate=0B mem-reservation=0B thread-reservation=0
|
04:EXCHANGE [UNPARTITIONED]
|  mem-estimate=0B mem-reservation=0B thread-reservation=0
|  tuple-ids=1 row-size=263B cardinality=6001215
|
F01:PLAN FRAGMENT [HASH(tpch_parquet.lineitem.l_orderkey,tpch_parquet.lineitem.l_partkey,tpch_parquet.lineitem.l_suppkey,tpch_parquet.lineitem.l_linenumber,tpch_parquet.lineitem.l_quantity,tpch_parquet.lineitem.l_extendedprice,tpch_parquet.lineitem.l_discount,tpch_parquet.lineitem.l_tax,tpch_parquet.lineitem.l_returnflag,tpch_parquet.lineitem.l_linestatus,tpch_parquet.lineitem.l_shipdate,tpch_parquet.lineitem.l_commitdate,tpch_parquet.lineitem.l_receiptdate,tpch_parquet.lineitem.l_shipinstruct,tpch_parquet.lineitem.l_shipmode,tpch_parquet.lineitem.l_comment)] hosts=3 instances=3
Per-Host Resources: mem-estimate=1.62GB mem-reservation=34.00MB thread-reservation=1
03:AGGREGATE [FINALIZE]
|  group by: tpch_parquet.lineitem.l_orderkey, tpch_parquet.lineitem.l_partkey, tpch_parquet.lineitem.l_suppkey, tpch_parquet.lineitem.l_linenumber, tpch_parquet.lineitem.l_quantity, tpch_parquet.lineitem.l_extendedprice, tpch_parquet.lineitem.l_discount, tpch_parquet.lineitem.l_tax, tpch_parquet.lineitem.l_returnflag, tpch_parquet.lineitem.l_linestatus, tpch_parquet.lineitem.l_shipdate, tpch_parquet.lineitem.l_commitdate, tpch_parquet.lineitem.l_receiptdate, tpch_parquet.lineitem.l_shipinstruct, tpch_parquet.lineitem.l_shipmode, tpch_parquet.lineitem.l_comment
|  mem-estimate=1.62GB mem-reservation=34.00MB spill-buffer=2.00MB thread-reservation=0
|  tuple-ids=1 row-size=263B cardinality=6001215
|
02:EXCHANGE [HASH(tpch_parquet.lineitem.l_orderkey,tpch_parquet.lineitem.l_partkey,tpch_parquet.lineitem.l_suppkey,tpch_parquet.lineitem.l_linenumber,tpch_parquet.lineitem.l_quantity,tpch_parquet.lineitem.l_extendedprice,tpch_parquet.lineitem.l_discount,tpch_parquet.lineitem.l_tax,tpch_parquet.lineitem.l_returnflag,tpch_parquet.lineitem.l_linestatus,tpch_parquet.lineitem.l_shipdate,tpch_parquet.lineitem.l_commitdate,tpch_parquet.lineitem.l_receiptdate,tpch_parquet.lineitem.l_shipinstruct,tpch_parquet.lineitem.l_shipmode,tpch_parquet.lineitem.l_comment)]
|  mem-estimate=0B mem-reservation=0B thread-reservation=0
|  tuple-ids=1 row-size=263B cardinality=6001215
|
F00:PLAN FRAGMENT [RANDOM] hosts=3 instances=3
Per-Host Resources: mem-estimate=1.69GB mem-reservation=74.00MB thread-reservation=2
01:AGGREGATE [STREAMING]
|  group by: tpch_parquet.lineitem.l_orderkey, tpch_parquet.lineitem.l_partkey, tpch_parquet.lineitem.l_suppkey, tpch_parquet.lineitem.l_linenumber, tpch_parquet.lineitem.l_quantity, tpch_parquet.lineitem.l_extendedprice, tpch_parquet.lineitem.l_discount, tpch_parquet.lineitem.l_tax, tpch_parquet.lineitem.l_returnflag, tpch_parquet.lineitem.l_linestatus, tpch_parquet.lineitem.l_shipdate, tpch_parquet.lineitem.l_commitdate, tpch_parquet.lineitem.l_receiptdate, tpch_parquet.lineitem.l_shipinstruct, tpch_parquet.lineitem.l_shipmode, tpch_parquet.lineitem.l_comment
|  mem-estimate=1.62GB mem-reservation=34.00MB spill-buffer=2.00MB thread-reservation=0
|  tuple-ids=1 row-size=263B cardinality=6001215
|
00:SCAN HDFS [tpch_parquet.lineitem, RANDOM]
   partitions=1/1 files=3 size=193.71MB
   stored statistics:
     table: rows=6001215 size=193.71MB
     columns: all
   extrapolated-rows=disabled max-scan-range-rows=2141802
   mem-estimate=80.00MB mem-reservation=40.00MB thread-reservation=1
   tuple-ids=0 row-size=263B cardinality=6001215
---- PARALLELPLANS
Max Per-Host Resource Reservation: Memory=216.00MB Threads=5
Per-Host Resource Estimates: Memory=6.62GB

F02:PLAN FRAGMENT [UNPARTITIONED] hosts=1 instances=1
|  Per-Host Resources: mem-estimate=0B mem-reservation=0B thread-reservation=1
PLAN-ROOT SINK
|  mem-estimate=0B mem-reservation=0B thread-reservation=0
|
04:EXCHANGE [UNPARTITIONED]
|  mem-estimate=0B mem-reservation=0B thread-reservation=0
|  tuple-ids=1 row-size=263B cardinality=6001215
|
F01:PLAN FRAGMENT [HASH(tpch_parquet.lineitem.l_orderkey,tpch_parquet.lineitem.l_partkey,tpch_parquet.lineitem.l_suppkey,tpch_parquet.lineitem.l_linenumber,tpch_parquet.lineitem.l_quantity,tpch_parquet.lineitem.l_extendedprice,tpch_parquet.lineitem.l_discount,tpch_parquet.lineitem.l_tax,tpch_parquet.lineitem.l_returnflag,tpch_parquet.lineitem.l_linestatus,tpch_parquet.lineitem.l_shipdate,tpch_parquet.lineitem.l_commitdate,tpch_parquet.lineitem.l_receiptdate,tpch_parquet.lineitem.l_shipinstruct,tpch_parquet.lineitem.l_shipmode,tpch_parquet.lineitem.l_comment)] hosts=3 instances=6
Per-Host Resources: mem-estimate=3.23GB mem-reservation=68.00MB thread-reservation=2
03:AGGREGATE [FINALIZE]
|  group by: tpch_parquet.lineitem.l_orderkey, tpch_parquet.lineitem.l_partkey, tpch_parquet.lineitem.l_suppkey, tpch_parquet.lineitem.l_linenumber, tpch_parquet.lineitem.l_quantity, tpch_parquet.lineitem.l_extendedprice, tpch_parquet.lineitem.l_discount, tpch_parquet.lineitem.l_tax, tpch_parquet.lineitem.l_returnflag, tpch_parquet.lineitem.l_linestatus, tpch_parquet.lineitem.l_shipdate, tpch_parquet.lineitem.l_commitdate, tpch_parquet.lineitem.l_receiptdate, tpch_parquet.lineitem.l_shipinstruct, tpch_parquet.lineitem.l_shipmode, tpch_parquet.lineitem.l_comment
|  mem-estimate=1.62GB mem-reservation=34.00MB spill-buffer=2.00MB thread-reservation=0
|  tuple-ids=1 row-size=263B cardinality=6001215
|
02:EXCHANGE [HASH(tpch_parquet.lineitem.l_orderkey,tpch_parquet.lineitem.l_partkey,tpch_parquet.lineitem.l_suppkey,tpch_parquet.lineitem.l_linenumber,tpch_parquet.lineitem.l_quantity,tpch_parquet.lineitem.l_extendedprice,tpch_parquet.lineitem.l_discount,tpch_parquet.lineitem.l_tax,tpch_parquet.lineitem.l_returnflag,tpch_parquet.lineitem.l_linestatus,tpch_parquet.lineitem.l_shipdate,tpch_parquet.lineitem.l_commitdate,tpch_parquet.lineitem.l_receiptdate,tpch_parquet.lineitem.l_shipinstruct,tpch_parquet.lineitem.l_shipmode,tpch_parquet.lineitem.l_comment)]
|  mem-estimate=0B mem-reservation=0B thread-reservation=0
|  tuple-ids=1 row-size=263B cardinality=6001215
|
F00:PLAN FRAGMENT [RANDOM] hosts=3 instances=6
Per-Host Resources: mem-estimate=3.39GB mem-reservation=148.00MB thread-reservation=2
01:AGGREGATE [STREAMING]
|  group by: tpch_parquet.lineitem.l_orderkey, tpch_parquet.lineitem.l_partkey, tpch_parquet.lineitem.l_suppkey, tpch_parquet.lineitem.l_linenumber, tpch_parquet.lineitem.l_quantity, tpch_parquet.lineitem.l_extendedprice, tpch_parquet.lineitem.l_discount, tpch_parquet.lineitem.l_tax, tpch_parquet.lineitem.l_returnflag, tpch_parquet.lineitem.l_linestatus, tpch_parquet.lineitem.l_shipdate, tpch_parquet.lineitem.l_commitdate, tpch_parquet.lineitem.l_receiptdate, tpch_parquet.lineitem.l_shipinstruct, tpch_parquet.lineitem.l_shipmode, tpch_parquet.lineitem.l_comment
|  mem-estimate=1.62GB mem-reservation=34.00MB spill-buffer=2.00MB thread-reservation=0
|  tuple-ids=1 row-size=263B cardinality=6001215
|
00:SCAN HDFS [tpch_parquet.lineitem, RANDOM]
   partitions=1/1 files=3 size=193.71MB
   stored statistics:
     table: rows=6001215 size=193.71MB
     columns: all
   extrapolated-rows=disabled max-scan-range-rows=2141802
   mem-estimate=80.00MB mem-reservation=40.00MB thread-reservation=0
   tuple-ids=0 row-size=263B cardinality=6001215
====
# Aggregation with unknown input - should use default buffer size.
select string_col, count(*)
from functional_parquet.alltypestiny
group by string_col
---- DISTRIBUTEDPLAN
Max Per-Host Resource Reservation: Memory=68.01MB Threads=4
Per-Host Resource Estimates: Memory=272.00MB
WARNING: The following tables are missing relevant table and/or column statistics.
functional_parquet.alltypestiny

F02:PLAN FRAGMENT [UNPARTITIONED] hosts=1 instances=1
|  Per-Host Resources: mem-estimate=0B mem-reservation=0B thread-reservation=1
PLAN-ROOT SINK
|  mem-estimate=0B mem-reservation=0B thread-reservation=0
|
04:EXCHANGE [UNPARTITIONED]
|  mem-estimate=0B mem-reservation=0B thread-reservation=0
|  tuple-ids=1 row-size=24B cardinality=unavailable
|
F01:PLAN FRAGMENT [HASH(string_col)] hosts=3 instances=3
Per-Host Resources: mem-estimate=128.00MB mem-reservation=34.00MB thread-reservation=1
03:AGGREGATE [FINALIZE]
|  output: count:merge(*)
|  group by: string_col
|  mem-estimate=128.00MB mem-reservation=34.00MB spill-buffer=2.00MB thread-reservation=0
|  tuple-ids=1 row-size=24B cardinality=unavailable
|
02:EXCHANGE [HASH(string_col)]
|  mem-estimate=0B mem-reservation=0B thread-reservation=0
|  tuple-ids=1 row-size=24B cardinality=unavailable
|
F00:PLAN FRAGMENT [RANDOM] hosts=3 instances=3
Per-Host Resources: mem-estimate=144.00MB mem-reservation=34.01MB thread-reservation=2
01:AGGREGATE [STREAMING]
|  output: count(*)
|  group by: string_col
|  mem-estimate=128.00MB mem-reservation=34.00MB spill-buffer=2.00MB thread-reservation=0
|  tuple-ids=1 row-size=24B cardinality=unavailable
|
00:SCAN HDFS [functional_parquet.alltypestiny, RANDOM]
   partitions=4/4 files=4 size=9.79KB
   stored statistics:
     table: rows=unavailable size=unavailable
     partitions: 0/4 rows=unavailable
     columns: unavailable
   extrapolated-rows=disabled max-scan-range-rows=unavailable
   mem-estimate=16.00MB mem-reservation=8.00KB thread-reservation=1
   tuple-ids=0 row-size=16B cardinality=unavailable
---- PARALLELPLANS
Max Per-Host Resource Reservation: Memory=136.02MB Threads=5
Per-Host Resource Estimates: Memory=544.00MB
WARNING: The following tables are missing relevant table and/or column statistics.
functional_parquet.alltypestiny

F02:PLAN FRAGMENT [UNPARTITIONED] hosts=1 instances=1
|  Per-Host Resources: mem-estimate=0B mem-reservation=0B thread-reservation=1
PLAN-ROOT SINK
|  mem-estimate=0B mem-reservation=0B thread-reservation=0
|
04:EXCHANGE [UNPARTITIONED]
|  mem-estimate=0B mem-reservation=0B thread-reservation=0
|  tuple-ids=1 row-size=24B cardinality=unavailable
|
F01:PLAN FRAGMENT [HASH(string_col)] hosts=3 instances=6
Per-Host Resources: mem-estimate=256.00MB mem-reservation=68.00MB thread-reservation=2
03:AGGREGATE [FINALIZE]
|  output: count:merge(*)
|  group by: string_col
|  mem-estimate=128.00MB mem-reservation=34.00MB spill-buffer=2.00MB thread-reservation=0
|  tuple-ids=1 row-size=24B cardinality=unavailable
|
02:EXCHANGE [HASH(string_col)]
|  mem-estimate=0B mem-reservation=0B thread-reservation=0
|  tuple-ids=1 row-size=24B cardinality=unavailable
|
F00:PLAN FRAGMENT [RANDOM] hosts=3 instances=6
Per-Host Resources: mem-estimate=288.00MB mem-reservation=68.02MB thread-reservation=2
01:AGGREGATE [STREAMING]
|  output: count(*)
|  group by: string_col
|  mem-estimate=128.00MB mem-reservation=34.00MB spill-buffer=2.00MB thread-reservation=0
|  tuple-ids=1 row-size=24B cardinality=unavailable
|
00:SCAN HDFS [functional_parquet.alltypestiny, RANDOM]
   partitions=4/4 files=4 size=9.79KB
   stored statistics:
     table: rows=unavailable size=unavailable
     partitions: 0/4 rows=unavailable
     columns: unavailable
   extrapolated-rows=disabled max-scan-range-rows=unavailable
   mem-estimate=16.00MB mem-reservation=8.00KB thread-reservation=0
   tuple-ids=0 row-size=16B cardinality=unavailable
====
